2020-06-08 15:40:42,249 [Worker-6: Loading available Gradle versions] INFO  o.e.b.c.i.u.g.PublishedGradleVersions - Gradle version information cache is up-to-date. Trying to read.
2020-06-08 17:17:09,132 [Worker-4: Loading available Gradle versions] INFO  o.e.b.c.i.u.g.PublishedGradleVersions - Gradle version information cache is up-to-date. Trying to read.
2020-06-08 17:22:11,068 [Worker-4: Loading available Gradle versions] INFO  o.e.b.c.i.u.g.PublishedGradleVersions - Gradle version information cache is up-to-date. Trying to read.
2020-06-08 18:58:31,595 [Worker-6: Loading available Gradle versions] INFO  o.e.b.c.i.u.g.PublishedGradleVersions - Gradle version information cache is up-to-date. Trying to read.
2020-06-08 19:24:39,385 [Worker-3: Loading available Gradle versions] INFO  o.e.b.c.i.u.g.PublishedGradleVersions - Gradle version information cache is up-to-date. Trying to read.
2020-06-08 19:30:23,156 [Start Help Server] INFO  org.eclipse.jetty.util.log - Logging initialized @354427ms to org.eclipse.jetty.util.log.Slf4jLog
2020-06-08 19:30:23,401 [Start Help Server] INFO  org.eclipse.jetty.server.Server - jetty-9.4.27.v20200227; built: 2020-03-02T14:40:42.212Z; git: a304fd9f351f337e7c0e2a7c28878dd536149c6c; jvm 1.8.0_191-b12
2020-06-08 19:30:23,424 [Start Help Server] INFO  org.eclipse.jetty.server.session - DefaultSessionIdManager workerName=node0
2020-06-08 19:30:23,424 [Start Help Server] INFO  org.eclipse.jetty.server.session - No SessionScavenger set, using defaults
2020-06-08 19:30:23,424 [Start Help Server] INFO  org.eclipse.jetty.server.session - node0 Scavenging every 660000ms
2020-06-08 19:30:23,456 [Start Help Server] INFO  o.e.j.server.handler.ContextHandler - Started o.e.j.s.ServletContextHandler@55b48fc1{/help,null,AVAILABLE}
2020-06-08 19:30:23,474 [Start Help Server] INFO  o.e.jetty.server.AbstractConnector - Started ServerConnector@4fa76bbe{HTTP/1.1, (http/1.1)}{127.0.0.1:60306}
2020-06-08 19:30:23,474 [Start Help Server] INFO  org.eclipse.jetty.server.Server - Started @354746ms
2020-06-08 19:30:23,474 [Start Help Server] INFO  org.eclipse.jetty.server.session - node0 Scavenging every 726000ms
2020-06-08 20:10:31,494 [Stop Help Server] INFO  o.e.jetty.server.AbstractConnector - Stopped ServerConnector@4fa76bbe{HTTP/1.1, (http/1.1)}{127.0.0.1:0}
2020-06-08 20:10:31,494 [Stop Help Server] INFO  org.eclipse.jetty.server.session - node0 Stopped scavenging
2020-06-08 20:10:31,524 [Stop Help Server] INFO  o.e.j.server.handler.ContextHandler - Stopped o.e.j.s.ServletContextHandler@55b48fc1{/help,null,UNAVAILABLE}
2020-06-09 13:49:26,211 [Worker-1: Loading available Gradle versions] INFO  o.e.b.c.i.u.g.PublishedGradleVersions - Gradle version information cache is out-of-date. Trying to update.
2020-06-09 13:49:57,183 [Start Help Server] INFO  org.eclipse.jetty.util.log - Logging initialized @80032ms to org.eclipse.jetty.util.log.Slf4jLog
2020-06-09 13:49:57,579 [Start Help Server] INFO  org.eclipse.jetty.server.Server - jetty-9.4.27.v20200227; built: 2020-03-02T14:40:42.212Z; git: a304fd9f351f337e7c0e2a7c28878dd536149c6c; jvm 1.8.0_191-b12
2020-06-09 13:49:57,611 [Start Help Server] INFO  org.eclipse.jetty.server.session - DefaultSessionIdManager workerName=node0
2020-06-09 13:49:57,611 [Start Help Server] INFO  org.eclipse.jetty.server.session - No SessionScavenger set, using defaults
2020-06-09 13:49:57,611 [Start Help Server] INFO  org.eclipse.jetty.server.session - node0 Scavenging every 600000ms
2020-06-09 13:49:57,663 [Start Help Server] INFO  o.e.j.server.handler.ContextHandler - Started o.e.j.s.ServletContextHandler@137f03d5{/help,null,AVAILABLE}
2020-06-09 13:49:57,688 [Start Help Server] INFO  o.e.jetty.server.AbstractConnector - Started ServerConnector@44da40f2{HTTP/1.1, (http/1.1)}{127.0.0.1:64047}
2020-06-09 13:49:57,688 [Start Help Server] INFO  org.eclipse.jetty.server.Server - Started @80538ms
2020-06-09 13:49:57,688 [Start Help Server] INFO  org.eclipse.jetty.server.session - node0 Scavenging every 660000ms
2020-06-09 16:29:25,353 [Stop Help Server] INFO  o.e.jetty.server.AbstractConnector - Stopped ServerConnector@44da40f2{HTTP/1.1, (http/1.1)}{127.0.0.1:0}
2020-06-09 16:29:25,353 [Stop Help Server] INFO  org.eclipse.jetty.server.session - node0 Stopped scavenging
2020-06-09 16:29:25,439 [Stop Help Server] INFO  o.e.j.server.handler.ContextHandler - Stopped o.e.j.s.ServletContextHandler@137f03d5{/help,null,UNAVAILABLE}
2020-06-09 18:25:50,759 [Worker-1: Loading available Gradle versions] INFO  o.e.b.c.i.u.g.PublishedGradleVersions - Gradle version information cache is up-to-date. Trying to read.
2020-06-11 05:50:17,346 [Worker-4: Loading available Gradle versions] INFO  o.e.b.c.i.u.g.PublishedGradleVersions - Gradle version information cache is out-of-date. Trying to update.
2020-06-11 09:30:48,024 [Worker-2: Loading available Gradle versions] INFO  o.e.b.c.i.u.g.PublishedGradleVersions - Gradle version information cache is up-to-date. Trying to read.
2020-06-12 14:11:15,232 [Worker-2: Loading available Gradle versions] INFO  o.e.b.c.i.u.g.PublishedGradleVersions - Gradle version information cache is out-of-date. Trying to update.
2020-06-12 19:49:10,432 [Worker-0: Loading available Gradle versions] INFO  o.e.b.c.i.u.g.PublishedGradleVersions - Gradle version information cache is up-to-date. Trying to read.
2020-06-13 20:17:59,457 [Worker-1: Loading available Gradle versions] INFO  o.e.b.c.i.u.g.PublishedGradleVersions - Gradle version information cache is out-of-date. Trying to update.
2020-06-14 16:59:40,914 [Worker-4: Loading available Gradle versions] INFO  o.e.b.c.i.u.g.PublishedGradleVersions - Gradle version information cache is up-to-date. Trying to read.
2020-06-15 00:41:09,081 [Worker-6: Loading available Gradle versions] INFO  o.e.b.c.i.u.g.PublishedGradleVersions - Gradle version information cache is out-of-date. Trying to update.
